<?xml version="1.0" encoding="UTF-8"?>
<!-- Generated by org.testng.reporters.JUnitReportReporter -->
<testsuite skipped="8" hostname="CHR5D0E5" name="com.sampleproject.mavenSampleProject.AppTest" tests="9" failures="0" timestamp="03 Dez 2019 13:44:39 GMT" time="0.000" errors="1">
  <testcase name="put_test" time="0.000" classname="com.sampleproject.mavenSampleProject.AppTest">
    <skipped/>
  </testcase> <!-- put_test -->
  <testcase name="test_method_2" time="0.000" classname="com.sampleproject.mavenSampleProject.AppTest">
    <skipped/>
  </testcase> <!-- test_method_2 -->
  <testcase name="startReport" time="0.000" classname="com.sampleproject.mavenSampleProject.AppTest">
    <error type="org.testng.TestNGException" message="
Parameter &#039;OS&#039; is required by BeforeTest on method startReport but has not been marked @Optional or defined
in C:\Users\s9pnqm\AppData\Local\Temp\12\testng-eclipse-616813636\testng-customsuite.xml">
      <![CDATA[org.testng.TestNGException: 
Parameter 'OS' is required by BeforeTest on method startReport but has not been marked @Optional or defined
in C:\Users\s9pnqm\AppData\Local\Temp\12\testng-eclipse-616813636\testng-customsuite.xml
at org.testng.internal.Parameters.createParams(Parameters.java:290)
at org.testng.internal.Parameters.createParametersForMethod(Parameters.java:359)
at org.testng.internal.Parameters.createParameters(Parameters.java:620)
at org.testng.internal.Parameters.createConfigurationParameters(Parameters.java:190)
at org.testng.internal.Invoker.invokeConfigurations(Invoker.java:209)
at org.testng.internal.Invoker.invokeConfigurations(Invoker.java:142)
at org.testng.TestRunner.beforeRun(TestRunner.java:529)
at org.testng.TestRunner.run(TestRunner.java:497)
at org.testng.SuiteRunner.runTest(SuiteRunner.java:455)
at org.testng.SuiteRunner.runSequentially(SuiteRunner.java:450)
at org.testng.SuiteRunner.privateRun(SuiteRunner.java:415)
at org.testng.SuiteRunner.run(SuiteRunner.java:364)
at org.testng.SuiteRunnerWorker.runSuite(SuiteRunnerWorker.java:52)
at org.testng.SuiteRunnerWorker.run(SuiteRunnerWorker.java:84)
at org.testng.TestNG.runSuitesSequentially(TestNG.java:1208)
at org.testng.TestNG.runSuitesLocally(TestNG.java:1137)
at org.testng.TestNG.runSuites(TestNG.java:1049)
at org.testng.TestNG.run(TestNG.java:1017)
at org.testng.remote.AbstractRemoteTestNG.run(AbstractRemoteTestNG.java:114)
at org.testng.remote.RemoteTestNG.initAndRun(RemoteTestNG.java:251)
at org.testng.remote.RemoteTestNG.main(RemoteTestNG.java:77)
]]>
    </error>
  </testcase> <!-- startReport -->
  <testcase name="testCase6" time="0.000" classname="com.sampleproject.mavenSampleProject.AppTest">
    <skipped/>
  </testcase> <!-- testCase6 -->
  <testcase name="simple_get_test" time="0.000" classname="com.sampleproject.mavenSampleProject.AppTest">
    <skipped/>
  </testcase> <!-- simple_get_test -->
  <testcase name="testCase1" time="0.000" classname="com.sampleproject.mavenSampleProject.AppTest">
    <skipped/>
  </testcase> <!-- testCase1 -->
  <testcase name="post_test" time="0.000" classname="com.sampleproject.mavenSampleProject.AppTest">
    <skipped/>
  </testcase> <!-- post_test -->
  <testcase name="testcase2" time="0.000" classname="com.sampleproject.mavenSampleProject.AppTest">
    <skipped/>
  </testcase> <!-- testcase2 -->
  <testcase name="testCase5" time="0.000" classname="com.sampleproject.mavenSampleProject.AppTest">
    <skipped/>
  </testcase> <!-- testCase5 -->
</testsuite> <!-- com.sampleproject.mavenSampleProject.AppTest -->
