<!DOCTYPE html PUBLIC "-//W3C//DTD XHTML 1.1//EN" "http://www.w3.org/TR/xhtml11/DTD/xhtml11.dtd">
<html xmlns="http://www.w3.org/1999/xhtml">
<head>
<meta http-equiv="content-type" content="text/html; charset=UTF-8"/>
<title>TestNG Report</title>
<style type="text/css">table {margin-bottom:10px;border-collapse:collapse;empty-cells:show}th,td {border:1px solid #009;padding:.25em .5em}th {vertical-align:bottom}td {vertical-align:top}table a {font-weight:bold}.stripe td {background-color: #E6EBF9}.num {text-align:right}.passedodd td {background-color: #3F3}.passedeven td {background-color: #0A0}.skippedodd td {background-color: #DDD}.skippedeven td {background-color: #CCC}.failedodd td,.attn {background-color: #F33}.failedeven td,.stripe .attn {background-color: #D00}.stacktrace {white-space:pre;font-family:monospace}.totop {font-size:85%;text-align:center;border-bottom:2px solid #000}.invisible {display:none}</style>
</head>
<body>
<table>
<tr><th>Test</th><th># Passed</th><th># Skipped</th><th># Failed</th><th>Time (ms)</th><th>Included Groups</th><th>Excluded Groups</th></tr>
<tr><th colspan="7">Group of group Suite</th></tr>
<tr><td><a href="#t0">FunctionalTesting</a></td><td class="num">5</td><td class="num attn">1</td><td class="num attn">1</td><td class="num">879</td><td></td><td></td></tr>
<tr class="stripe"><td><a href="#t1">Group of group Test</a></td><td class="num">1</td><td class="num">0</td><td class="num">0</td><td class="num">0</td><td>Test1, mavenTest, Test2</td><td></td></tr>
<tr><th>Total</th><th class="num">6</th><th class="num attn">1</th><th class="num attn">1</th><th class="num">879</th><th colspan="2"></th></tr>
</table>
<table id='summary'><thead><tr><th>Class</th><th>Method</th><th>Start</th><th>Time (ms)</th></tr></thead><tbody><tr><th colspan="4">Group of group Suite</th></tr></tbody><tbody id="t0"><tr><th colspan="4">FunctionalTesting &#8212; failed</th></tr><tr class="failedeven"><td rowspan="1">com.sampleproject.mavenSampleProject.AppTest</td><td><a href="#m0">testCase4</a></td><td rowspan="1">1574245946650</td><td rowspan="1">0</td></tr><tr><th colspan="4">FunctionalTesting &#8212; skipped</th></tr><tr class="skippedeven"><td rowspan="1">com.sampleproject.mavenSampleProject.AppTest</td><td><a href="#m1">testCase5</a></td><td rowspan="1">1574245946658</td><td rowspan="1">0</td></tr><tr><th colspan="4">FunctionalTesting &#8212; passed</th></tr><tr class="passedeven"><td rowspan="5">com.sampleproject.mavenSampleProject.AppTest</td><td><a href="#m2">testCase1</a></td><td rowspan="1">1574245946636</td><td rowspan="1">5</td></tr><tr class="passedeven"><td><a href="#m3">test_method_1</a></td><td rowspan="1">1574245946661</td><td rowspan="1">0</td></tr><tr class="passedeven"><td><a href="#m4">test_method_2</a></td><td rowspan="1">1574245946662</td><td rowspan="1">368</td></tr><tr class="passedeven"><td><a href="#m5">test_method_3</a></td><td rowspan="1">1574245947031</td><td rowspan="1">0</td></tr><tr class="passedeven"><td><a href="#m6">testcase2</a></td><td rowspan="1">1574245947032</td><td rowspan="1">0</td></tr></tbody>
<tbody id="t1"><tr><th colspan="4">Group of group Test &#8212; passed</th></tr><tr class="passedeven"><td rowspan="1">com.sampleproject.mavenSampleProject.AppTest</td><td><a href="#m7">test_method_3</a></td><td rowspan="1">1574245947419</td><td rowspan="1">0</td></tr></tbody>
</table>
<h2>FunctionalTesting</h2><h3 id="m0">com.sampleproject.mavenSampleProject.AppTest#testCase4</h3><table class="result"><tr><th>Exception</th></tr><tr><td><div class="stacktrace">java.lang.AssertionError
	at org.junit.Assert.fail(Assert.java:86)
	at org.junit.Assert.assertTrue(Assert.java:41)
	at org.junit.Assert.assertTrue(Assert.java:52)
	at com.sampleproject.mavenSampleProject.AppTest.testCase4(AppTest.java:137)
... Removed 34 stack frames</div></td></tr></table><p class="totop"><a href="#summary">back to summary</a></p>
<h3 id="m1">com.sampleproject.mavenSampleProject.AppTest#testCase5</h3><table class="result"><tr><th>Exception</th></tr><tr><td><div class="stacktrace">org.testng.SkipException: Skipping this test with exception
	at com.sampleproject.mavenSampleProject.AppTest.testCase5(AppTest.java:143)
... Removed 34 stack frames</div></td></tr></table><p class="totop"><a href="#summary">back to summary</a></p>
<h3 id="m2">com.sampleproject.mavenSampleProject.AppTest#testCase1</h3><table class="result"><tr><th class="invisible"/></tr></table><p class="totop"><a href="#summary">back to summary</a></p>
<h3 id="m3">com.sampleproject.mavenSampleProject.AppTest#test_method_1</h3><table class="result"><tr><th class="invisible"/></tr></table><p class="totop"><a href="#summary">back to summary</a></p>
<h3 id="m4">com.sampleproject.mavenSampleProject.AppTest#test_method_2</h3><table class="result"><tr><th class="invisible"/></tr></table><p class="totop"><a href="#summary">back to summary</a></p>
<h3 id="m5">com.sampleproject.mavenSampleProject.AppTest#test_method_3</h3><table class="result"><tr><th class="invisible"/></tr></table><p class="totop"><a href="#summary">back to summary</a></p>
<h3 id="m6">com.sampleproject.mavenSampleProject.AppTest#testcase2</h3><table class="result"><tr><th>Messages</th></tr><tr><td><div class="messages">Browser is opened</div></td></tr></table><p class="totop"><a href="#summary">back to summary</a></p>
<h2>Group of group Test</h2><h3 id="m7">com.sampleproject.mavenSampleProject.AppTest#test_method_3</h3><table class="result"><tr><th class="invisible"/></tr></table><p class="totop"><a href="#summary">back to summary</a></p>
</body>
</html>
