<?xml version="1.0" encoding="UTF-8"?>
<testng-results skipped="1" failed="1" ignored="0" total="5" passed="3">
  <reporter-output>
    <line>
      <![CDATA[Browser is opened]]>
    </line>
  </reporter-output>
  <suite name="Group of group Suite" duration-ms="1482" started-at="2019-11-22T14:34:07Z" finished-at="2019-11-22T14:34:08Z">
    <groups>
      <group name="Test2">
        <method signature="AppTest.test_method_2()[pri:0, instance:null(com.sampleproject.mavenSampleProject.AppTest)]" name="test_method_2" class="com.sampleproject.mavenSampleProject.AppTest"/>
      </group> <!-- Test2 -->
    </groups>
    <test name="FunctionalTesting" duration-ms="1482" started-at="2019-11-22T14:34:07Z" finished-at="2019-11-22T14:34:08Z">
      <class name="com.sampleproject.mavenSampleProject.AppTest">
        <test-method status="PASS" signature="beforeSuite()[pri:0, instance:null(com.sampleproject.mavenSampleProject.AppTest)]" name="beforeSuite" is-config="true" duration-ms="22" started-at="2019-11-22T14:34:07Z" finished-at="2019-11-22T14:34:07Z">
          <reporter-output>
          </reporter-output>
        </test-method> <!-- beforeSuite -->
        <test-method status="PASS" signature="startReport(java.lang.String, java.lang.String)[pri:0, instance:null(com.sampleproject.mavenSampleProject.AppTest)]" name="startReport" is-config="true" duration-ms="262" started-at="2019-11-22T14:34:07Z" finished-at="2019-11-22T14:34:07Z">
          <params>
            <param index="0">
              <value>
                <![CDATA[Windows]]>
              </value>
            </param>
            <param index="1">
              <value>
                <![CDATA[Chrome]]>
              </value>
            </param>
          </params>
          <reporter-output>
          </reporter-output>
        </test-method> <!-- startReport -->
        <test-method status="PASS" signature="testCase1()[pri:0, instance:null(com.sampleproject.mavenSampleProject.AppTest)]" name="testCase1" duration-ms="13" started-at="2019-11-22T14:34:07Z" finished-at="2019-11-22T14:34:07Z">
          <reporter-output>
          </reporter-output>
        </test-method> <!-- testCase1 -->
        <test-method status="PASS" signature="getResult(org.testng.ITestResult)[pri:0, instance:null(com.sampleproject.mavenSampleProject.AppTest)]" name="getResult" is-config="true" duration-ms="18" started-at="2019-11-22T14:34:07Z" finished-at="2019-11-22T14:34:07Z">
          <params>
            <param index="0">
              <value>
                <![CDATA[[TestResult name=testCase1 on null(com.sampleproject.mavenSampleProject.AppTest) status=SUCCESS method=AppTest.testCase1()[pri:0, instance:null(com.sampleproject.mavenSampleProject.AppTest)] output={null}]]]>
              </value>
            </param>
          </params>
          <reporter-output>
          </reporter-output>
        </test-method> <!-- getResult -->
        <test-method status="SKIP" signature="testCase5()[pri:0, instance:null(com.sampleproject.mavenSampleProject.AppTest)]" name="testCase5" duration-ms="0" started-at="2019-11-22T14:34:07Z" finished-at="2019-11-22T14:34:07Z">
          <exception class="org.testng.SkipException">
            <message>
              <![CDATA[Skipping this test with exception]]>
            </message>
            <full-stacktrace>
              <![CDATA[org.testng.SkipException: Skipping this test with exception
at com.sampleproject.mavenSampleProject.AppTest.testCase5(AppTest.java:138)
at sun.reflect.NativeMethodAccessorImpl.invoke0(Native Method)
at sun.reflect.NativeMethodAccessorImpl.invoke(NativeMethodAccessorImpl.java:62)
at sun.reflect.DelegatingMethodAccessorImpl.invoke(DelegatingMethodAccessorImpl.java:43)
at java.lang.reflect.Method.invoke(Method.java:498)
at org.testng.internal.MethodInvocationHelper.invokeMethod(MethodInvocationHelper.java:124)
at org.testng.internal.Invoker.invokeMethod(Invoker.java:583)
at org.testng.internal.Invoker.invokeTestMethod(Invoker.java:719)
at org.testng.internal.Invoker.invokeTestMethods(Invoker.java:989)
at org.testng.internal.TestMethodWorker.invokeTestMethods(TestMethodWorker.java:125)
at org.testng.internal.TestMethodWorker.run(TestMethodWorker.java:109)
at org.testng.TestRunner.privateRun(TestRunner.java:648)
at org.testng.TestRunner.run(TestRunner.java:505)
at org.testng.SuiteRunner.runTest(SuiteRunner.java:455)
at org.testng.SuiteRunner.runSequentially(SuiteRunner.java:450)
at org.testng.SuiteRunner.privateRun(SuiteRunner.java:415)
at org.testng.SuiteRunner.run(SuiteRunner.java:364)
at org.testng.SuiteRunnerWorker.runSuite(SuiteRunnerWorker.java:52)
at org.testng.SuiteRunnerWorker.run(SuiteRunnerWorker.java:84)
at org.testng.TestNG.runSuitesSequentially(TestNG.java:1208)
at org.testng.TestNG.runSuitesLocally(TestNG.java:1137)
at org.testng.TestNG.runSuites(TestNG.java:1049)
at org.testng.TestNG.run(TestNG.java:1017)
at org.apache.maven.surefire.testng.TestNGExecutor.run(TestNGExecutor.java:178)
at org.apache.maven.surefire.testng.TestNGXmlTestSuite.execute(TestNGXmlTestSuite.java:92)
at org.apache.maven.surefire.testng.TestNGProvider.invoke(TestNGProvider.java:96)
at sun.reflect.NativeMethodAccessorImpl.invoke0(Native Method)
at sun.reflect.NativeMethodAccessorImpl.invoke(NativeMethodAccessorImpl.java:62)
at sun.reflect.DelegatingMethodAccessorImpl.invoke(DelegatingMethodAccessorImpl.java:43)
at java.lang.reflect.Method.invoke(Method.java:498)
at org.apache.maven.surefire.util.ReflectionUtils.invokeMethodWithArray2(ReflectionUtils.java:208)
at org.apache.maven.surefire.booter.ProviderFactory$ProviderProxy.invoke(ProviderFactory.java:159)
at org.apache.maven.surefire.booter.ProviderFactory.invokeProvider(ProviderFactory.java:87)
at org.apache.maven.surefire.booter.ForkedBooter.runSuitesInProcess(ForkedBooter.java:153)
at org.apache.maven.surefire.booter.ForkedBooter.main(ForkedBooter.java:95)
]]>
            </full-stacktrace>
          </exception> <!-- org.testng.SkipException -->
          <reporter-output>
          </reporter-output>
        </test-method> <!-- testCase5 -->
        <test-method status="PASS" signature="getResult(org.testng.ITestResult)[pri:0, instance:null(com.sampleproject.mavenSampleProject.AppTest)]" name="getResult" is-config="true" duration-ms="5" started-at="2019-11-22T14:34:07Z" finished-at="2019-11-22T14:34:07Z">
          <params>
            <param index="0">
              <value>
                <![CDATA[[TestResult name=testCase5 on null(com.sampleproject.mavenSampleProject.AppTest) status=SKIP method=AppTest.testCase5()[pri:0, instance:null(com.sampleproject.mavenSampleProject.AppTest)] output={null}]]]>
              </value>
            </param>
          </params>
          <reporter-output>
          </reporter-output>
        </test-method> <!-- getResult -->
        <test-method status="FAIL" signature="testCase6()[pri:0, instance:null(com.sampleproject.mavenSampleProject.AppTest)]" name="testCase6" duration-ms="0" started-at="2019-11-22T14:34:07Z" finished-at="2019-11-22T14:34:07Z">
          <exception class="java.lang.AssertionError">
            <full-stacktrace>
              <![CDATA[java.lang.AssertionError
at org.junit.Assert.fail(Assert.java:86)
at org.junit.Assert.assertTrue(Assert.java:41)
at org.junit.Assert.assertTrue(Assert.java:52)
at com.sampleproject.mavenSampleProject.AppTest.testCase6(AppTest.java:143)
at sun.reflect.NativeMethodAccessorImpl.invoke0(Native Method)
at sun.reflect.NativeMethodAccessorImpl.invoke(NativeMethodAccessorImpl.java:62)
at sun.reflect.DelegatingMethodAccessorImpl.invoke(DelegatingMethodAccessorImpl.java:43)
at java.lang.reflect.Method.invoke(Method.java:498)
at org.testng.internal.MethodInvocationHelper.invokeMethod(MethodInvocationHelper.java:124)
at org.testng.internal.Invoker.invokeMethod(Invoker.java:583)
at org.testng.internal.Invoker.invokeTestMethod(Invoker.java:719)
at org.testng.internal.Invoker.invokeTestMethods(Invoker.java:989)
at org.testng.internal.TestMethodWorker.invokeTestMethods(TestMethodWorker.java:125)
at org.testng.internal.TestMethodWorker.run(TestMethodWorker.java:109)
at org.testng.TestRunner.privateRun(TestRunner.java:648)
at org.testng.TestRunner.run(TestRunner.java:505)
at org.testng.SuiteRunner.runTest(SuiteRunner.java:455)
at org.testng.SuiteRunner.runSequentially(SuiteRunner.java:450)
at org.testng.SuiteRunner.privateRun(SuiteRunner.java:415)
at org.testng.SuiteRunner.run(SuiteRunner.java:364)
at org.testng.SuiteRunnerWorker.runSuite(SuiteRunnerWorker.java:52)
at org.testng.SuiteRunnerWorker.run(SuiteRunnerWorker.java:84)
at org.testng.TestNG.runSuitesSequentially(TestNG.java:1208)
at org.testng.TestNG.runSuitesLocally(TestNG.java:1137)
at org.testng.TestNG.runSuites(TestNG.java:1049)
at org.testng.TestNG.run(TestNG.java:1017)
at org.apache.maven.surefire.testng.TestNGExecutor.run(TestNGExecutor.java:178)
at org.apache.maven.surefire.testng.TestNGXmlTestSuite.execute(TestNGXmlTestSuite.java:92)
at org.apache.maven.surefire.testng.TestNGProvider.invoke(TestNGProvider.java:96)
at sun.reflect.NativeMethodAccessorImpl.invoke0(Native Method)
at sun.reflect.NativeMethodAccessorImpl.invoke(NativeMethodAccessorImpl.java:62)
at sun.reflect.DelegatingMethodAccessorImpl.invoke(DelegatingMethodAccessorImpl.java:43)
at java.lang.reflect.Method.invoke(Method.java:498)
at org.apache.maven.surefire.util.ReflectionUtils.invokeMethodWithArray2(ReflectionUtils.java:208)
at org.apache.maven.surefire.booter.ProviderFactory$ProviderProxy.invoke(ProviderFactory.java:159)
at org.apache.maven.surefire.booter.ProviderFactory.invokeProvider(ProviderFactory.java:87)
at org.apache.maven.surefire.booter.ForkedBooter.runSuitesInProcess(ForkedBooter.java:153)
at org.apache.maven.surefire.booter.ForkedBooter.main(ForkedBooter.java:95)
]]>
            </full-stacktrace>
          </exception> <!-- java.lang.AssertionError -->
          <reporter-output>
          </reporter-output>
        </test-method> <!-- testCase6 -->
        <test-method status="PASS" signature="getResult(org.testng.ITestResult)[pri:0, instance:null(com.sampleproject.mavenSampleProject.AppTest)]" name="getResult" is-config="true" duration-ms="2" started-at="2019-11-22T14:34:07Z" finished-at="2019-11-22T14:34:07Z">
          <params>
            <param index="0">
              <value>
                <![CDATA[[TestResult name=testCase6 on null(com.sampleproject.mavenSampleProject.AppTest) status=FAILURE method=AppTest.testCase6()[pri:0, instance:null(com.sampleproject.mavenSampleProject.AppTest)] output={null}]]]>
              </value>
            </param>
          </params>
          <reporter-output>
          </reporter-output>
        </test-method> <!-- getResult -->
        <test-method status="PASS" signature="test_method_2()[pri:0, instance:null(com.sampleproject.mavenSampleProject.AppTest)]" name="test_method_2" duration-ms="640" started-at="2019-11-22T14:34:07Z" finished-at="2019-11-22T14:34:08Z">
          <reporter-output>
          </reporter-output>
        </test-method> <!-- test_method_2 -->
        <test-method status="PASS" signature="getResult(org.testng.ITestResult)[pri:0, instance:null(com.sampleproject.mavenSampleProject.AppTest)]" name="getResult" is-config="true" duration-ms="1" started-at="2019-11-22T14:34:08Z" finished-at="2019-11-22T14:34:08Z">
          <params>
            <param index="0">
              <value>
                <![CDATA[[TestResult name=test_method_2 on null(com.sampleproject.mavenSampleProject.AppTest) status=SUCCESS method=AppTest.test_method_2()[pri:0, instance:null(com.sampleproject.mavenSampleProject.AppTest)] output={null}]]]>
              </value>
            </param>
          </params>
          <reporter-output>
          </reporter-output>
        </test-method> <!-- getResult -->
        <test-method status="PASS" signature="testcase2()[pri:0, instance:null(com.sampleproject.mavenSampleProject.AppTest)]" name="testcase2" duration-ms="1" started-at="2019-11-22T14:34:08Z" description="This is testcase2" finished-at="2019-11-22T14:34:08Z">
          <reporter-output>
            <line>
              <![CDATA[Browser is opened]]>
            </line>
          </reporter-output>
        </test-method> <!-- testcase2 -->
        <test-method status="PASS" signature="getResult(org.testng.ITestResult)[pri:0, instance:null(com.sampleproject.mavenSampleProject.AppTest)]" name="getResult" is-config="true" duration-ms="1" started-at="2019-11-22T14:34:08Z" finished-at="2019-11-22T14:34:08Z">
          <params>
            <param index="0">
              <value>
                <![CDATA[[TestResult name=testcase2 on null(com.sampleproject.mavenSampleProject.AppTest) status=SUCCESS method=AppTest.testcase2()[pri:0, instance:null(com.sampleproject.mavenSampleProject.AppTest)] output=Browser is opened]]]>
              </value>
            </param>
          </params>
          <reporter-output>
          </reporter-output>
        </test-method> <!-- getResult -->
        <test-method status="PASS" signature="afterTest()[pri:0, instance:null(com.sampleproject.mavenSampleProject.AppTest)]" name="afterTest" is-config="true" duration-ms="505" started-at="2019-11-22T14:34:08Z" finished-at="2019-11-22T14:34:08Z">
          <reporter-output>
          </reporter-output>
        </test-method> <!-- afterTest -->
        <test-method status="PASS" signature="afterSuite()[pri:0, instance:null(com.sampleproject.mavenSampleProject.AppTest)]" name="afterSuite" is-config="true" duration-ms="0" started-at="2019-11-22T14:34:08Z" finished-at="2019-11-22T14:34:08Z">
          <reporter-output>
          </reporter-output>
        </test-method> <!-- afterSuite -->
      </class> <!-- com.sampleproject.mavenSampleProject.AppTest -->
    </test> <!-- FunctionalTesting -->
  </suite> <!-- Group of group Suite -->
</testng-results>
