<?xml version="1.0" encoding="UTF-8"?>
<!-- Generated by org.testng.reporters.JUnitXMLReporter -->
<testsuite hostname="CHR5D0E5" ignored="0" name="FunctionalTesting" tests="9" failures="1" timestamp="04 Dec 2019 21:42:56 GMT" time="65.219" errors="0">
  <testcase name="delete_test on null(com.sampleproject.mavenSampleProject.AppTest)" time="22.73" classname="com.sampleproject.mavenSampleProject.AppTest"/>
  <testcase name="post_test on null(com.sampleproject.mavenSampleProject.AppTest)" time="20.499" classname="com.sampleproject.mavenSampleProject.AppTest"/>
  <testcase name="put_test on null(com.sampleproject.mavenSampleProject.AppTest)" time="20.201" classname="com.sampleproject.mavenSampleProject.AppTest"/>
  <testcase name="simple_get_test on null(com.sampleproject.mavenSampleProject.AppTest)" time="1.097" classname="com.sampleproject.mavenSampleProject.AppTest"/>
  <testcase name="testCase1 on null(com.sampleproject.mavenSampleProject.AppTest)" time="0.002" classname="com.sampleproject.mavenSampleProject.AppTest"/>
  <testcase name="testCase5 on null(com.sampleproject.mavenSampleProject.AppTest)" time="0.001" classname="com.sampleproject.mavenSampleProject.AppTest">
    <skipped/>
  </testcase> <!-- testCase5 on null(com.sampleproject.mavenSampleProject.AppTest) -->
  <testcase name="testCase6 on null(com.sampleproject.mavenSampleProject.AppTest)" time="0.001" classname="com.sampleproject.mavenSampleProject.AppTest">
    <failure type="java.lang.AssertionError">
      <![CDATA[java.lang.AssertionError
at org.junit.Assert.fail(Assert.java:86)
at org.junit.Assert.assertTrue(Assert.java:41)
at org.junit.Assert.assertTrue(Assert.java:52)
at com.sampleproject.mavenSampleProject.AppTest.testCase6(AppTest.java:157)
... Removed 34 stack frames]]>
    </failure>
  </testcase> <!-- testCase6 on null(com.sampleproject.mavenSampleProject.AppTest) -->
  <testcase name="test_method_2 on null(com.sampleproject.mavenSampleProject.AppTest)" time="0.002" classname="com.sampleproject.mavenSampleProject.AppTest"/>
  <testcase name="testcase2 on null(com.sampleproject.mavenSampleProject.AppTest)" time="0.0" classname="com.sampleproject.mavenSampleProject.AppTest"/>
</testsuite> <!-- FunctionalTesting -->
