<?xml version="1.0" encoding="UTF-8"?>
<!-- Generated by org.testng.reporters.JUnitXMLReporter -->
<testsuite hostname="CHR5D0E5" ignored="0" name="Default test" tests="9" failures="0" timestamp="04 Dez 2019 12:18:19 GMT" time="0.06" errors="0">
  <testcase name="@BeforeTest startReport" time="0.0" classname="com.sampleproject.mavenSampleProject.AppTest">
    <failure type="org.testng.TestNGException" message="
Parameter &amp;apos;OS&amp;apos; is required by BeforeTest on method startReport but has not been marked @Optional or defined
in C:\Users\s9pnqm\AppData\Local\Temp\13\testng-eclipse--977668096\testng-customsuite.xml">
      <![CDATA[org.testng.TestNGException: 
Parameter 'OS' is required by BeforeTest on method startReport but has not been marked @Optional or defined
in C:\Users\s9pnqm\AppData\Local\Temp\13\testng-eclipse--977668096\testng-customsuite.xml
at org.testng.internal.Parameters.createParams(Parameters.java:290)
at org.testng.internal.Parameters.createParametersForMethod(Parameters.java:359)
at org.testng.internal.Parameters.createParameters(Parameters.java:620)
at org.testng.internal.Parameters.createConfigurationParameters(Parameters.java:190)
at org.testng.internal.Invoker.invokeConfigurations(Invoker.java:209)
at org.testng.internal.Invoker.invokeConfigurations(Invoker.java:142)
at org.testng.TestRunner.beforeRun(TestRunner.java:529)
at org.testng.TestRunner.run(TestRunner.java:497)
at org.testng.SuiteRunner.runTest(SuiteRunner.java:455)
at org.testng.SuiteRunner.runSequentially(SuiteRunner.java:450)
at org.testng.SuiteRunner.privateRun(SuiteRunner.java:415)
at org.testng.SuiteRunner.run(SuiteRunner.java:364)
at org.testng.SuiteRunnerWorker.runSuite(SuiteRunnerWorker.java:52)
at org.testng.SuiteRunnerWorker.run(SuiteRunnerWorker.java:84)
at org.testng.TestNG.runSuitesSequentially(TestNG.java:1208)
at org.testng.TestNG.runSuitesLocally(TestNG.java:1137)
at org.testng.TestNG.runSuites(TestNG.java:1049)
at org.testng.TestNG.run(TestNG.java:1017)
at org.testng.remote.AbstractRemoteTestNG.run(AbstractRemoteTestNG.java:114)
at org.testng.remote.RemoteTestNG.initAndRun(RemoteTestNG.java:251)
at org.testng.remote.RemoteTestNG.main(RemoteTestNG.java:77)
]]>
    </failure>
  </testcase> <!-- @BeforeTest startReport -->
  <testcase name="@AfterMethod getResult" time="0.0" classname="com.sampleproject.mavenSampleProject.AppTest">
    <skipped/>
  </testcase> <!-- @AfterMethod getResult -->
  <testcase name="@AfterMethod getResult" time="0.0" classname="com.sampleproject.mavenSampleProject.AppTest">
    <skipped/>
  </testcase> <!-- @AfterMethod getResult -->
  <testcase name="@AfterMethod getResult" time="0.0" classname="com.sampleproject.mavenSampleProject.AppTest">
    <skipped/>
  </testcase> <!-- @AfterMethod getResult -->
  <testcase name="@AfterMethod getResult" time="0.0" classname="com.sampleproject.mavenSampleProject.AppTest">
    <skipped/>
  </testcase> <!-- @AfterMethod getResult -->
  <testcase name="@AfterMethod getResult" time="0.0" classname="com.sampleproject.mavenSampleProject.AppTest">
    <skipped/>
  </testcase> <!-- @AfterMethod getResult -->
  <testcase name="@AfterMethod getResult" time="0.0" classname="com.sampleproject.mavenSampleProject.AppTest">
    <skipped/>
  </testcase> <!-- @AfterMethod getResult -->
  <testcase name="@AfterMethod getResult" time="0.0" classname="com.sampleproject.mavenSampleProject.AppTest">
    <skipped/>
  </testcase> <!-- @AfterMethod getResult -->
  <testcase name="@AfterMethod getResult" time="0.0" classname="com.sampleproject.mavenSampleProject.AppTest">
    <skipped/>
  </testcase> <!-- @AfterMethod getResult -->
  <testcase name="@AfterMethod getResult" time="0.0" classname="com.sampleproject.mavenSampleProject.AppTest">
    <skipped/>
  </testcase> <!-- @AfterMethod getResult -->
  <testcase name="@AfterTest afterTest" time="0.0" classname="com.sampleproject.mavenSampleProject.AppTest">
    <skipped/>
  </testcase> <!-- @AfterTest afterTest -->
  <testcase name="delete_test on null(com.sampleproject.mavenSampleProject.AppTest)" time="0.0" classname="com.sampleproject.mavenSampleProject.AppTest">
    <skipped/>
  </testcase> <!-- delete_test on null(com.sampleproject.mavenSampleProject.AppTest) -->
  <testcase name="post_test on null(com.sampleproject.mavenSampleProject.AppTest)" time="0.0" classname="com.sampleproject.mavenSampleProject.AppTest">
    <skipped/>
  </testcase> <!-- post_test on null(com.sampleproject.mavenSampleProject.AppTest) -->
  <testcase name="put_test on null(com.sampleproject.mavenSampleProject.AppTest)" time="0.0" classname="com.sampleproject.mavenSampleProject.AppTest">
    <skipped/>
  </testcase> <!-- put_test on null(com.sampleproject.mavenSampleProject.AppTest) -->
  <testcase name="simple_get_test on null(com.sampleproject.mavenSampleProject.AppTest)" time="0.0" classname="com.sampleproject.mavenSampleProject.AppTest">
    <skipped/>
  </testcase> <!-- simple_get_test on null(com.sampleproject.mavenSampleProject.AppTest) -->
  <testcase name="testCase1 on null(com.sampleproject.mavenSampleProject.AppTest)" time="0.0" classname="com.sampleproject.mavenSampleProject.AppTest">
    <skipped/>
  </testcase> <!-- testCase1 on null(com.sampleproject.mavenSampleProject.AppTest) -->
  <testcase name="testCase5 on null(com.sampleproject.mavenSampleProject.AppTest)" time="0.0" classname="com.sampleproject.mavenSampleProject.AppTest">
    <skipped/>
  </testcase> <!-- testCase5 on null(com.sampleproject.mavenSampleProject.AppTest) -->
  <testcase name="testCase6 on null(com.sampleproject.mavenSampleProject.AppTest)" time="0.0" classname="com.sampleproject.mavenSampleProject.AppTest">
    <skipped/>
  </testcase> <!-- testCase6 on null(com.sampleproject.mavenSampleProject.AppTest) -->
  <testcase name="test_method_2 on null(com.sampleproject.mavenSampleProject.AppTest)" time="0.0" classname="com.sampleproject.mavenSampleProject.AppTest">
    <skipped/>
  </testcase> <!-- test_method_2 on null(com.sampleproject.mavenSampleProject.AppTest) -->
  <testcase name="testcase2 on null(com.sampleproject.mavenSampleProject.AppTest)" time="0.0" classname="com.sampleproject.mavenSampleProject.AppTest">
    <skipped/>
  </testcase> <!-- testcase2 on null(com.sampleproject.mavenSampleProject.AppTest) -->
</testsuite> <!-- Default test -->
